<?xml version="1.0" encoding="UTF-8"?>
<!-- Generated by org.testng.reporters.JUnitReportReporter -->
<testsuite hostname="DESKTOP-PUFBLF0" failures="0" tests="2" name="com.mvn.proj.DependencyPrg" time="0.053" errors="0" timestamp="2021-11-18T22:20:49 IST" skipped="0">
  <testcase classname="com.mvn.proj.DependencyPrg" name="Test2" time="0.047"/>
  <system-out/>
  <testcase classname="com.mvn.proj.DependencyPrg" name="Test1" time="0.006"/>
  <system-out/>
</testsuite> <!-- com.mvn.proj.DependencyPrg -->
