<?xml version="1.0" encoding="UTF-8"?>
<!-- Generated by org.testng.reporters.JUnitReportReporter -->
<testsuite hostname="DESKTOP-PUFBLF0" failures="0" tests="4" name="com.mvn.proj.PriorityPrg" time="0.043" errors="0" timestamp="2021-11-22T22:59:20 IST" skipped="0">
  <testcase classname="com.mvn.proj.PriorityPrg" name="SearchPhone" time="0.038"/>
  <system-out/>
  <testcase classname="com.mvn.proj.PriorityPrg" name="Grocery" time="0.002"/>
  <system-out/>
  <testcase classname="com.mvn.proj.PriorityPrg" name="SearchTravel" time="0.001"/>
  <system-out/>
  <testcase classname="com.mvn.proj.PriorityPrg" name="Laptop" time="0.002"/>
  <system-out/>
</testsuite> <!-- com.mvn.proj.PriorityPrg -->
