<?xml version="1.0" encoding="UTF-8"?>
<!-- Generated by org.testng.reporters.JUnitReportReporter -->
<testsuite hostname="DESKTOP-PUFBLF0" failures="0" tests="5" name="com.mvn.proj.Prioritytest" time="0.020" errors="0" timestamp="2021-11-17T17:21:20 IST" skipped="0">
  <testcase classname="com.mvn.proj.Prioritytest" name="SearchHairOil" time="0.008"/>
  <system-out/>
  <testcase classname="com.mvn.proj.Prioritytest" name="Iphone" time="0.001"/>
  <system-out/>
  <testcase classname="com.mvn.proj.Prioritytest" name="Laptop" time="0.002"/>
  <system-out/>
  <testcase classname="com.mvn.proj.Prioritytest" name="SearchMobile" time="0.007"/>
  <system-out/>
  <testcase classname="com.mvn.proj.Prioritytest" name="SearchTravel" time="0.002"/>
  <system-out/>
</testsuite> <!-- com.mvn.proj.Prioritytest -->
