<?xml version="1.0" encoding="UTF-8"?>
<!-- Generated by org.testng.reporters.JUnitReportReporter -->
<testsuite hostname="DESKTOP-PUFBLF0" failures="0" tests="2" name="com.mvn.proj.SimpleAnnotation" time="0.012" errors="0" timestamp="2021-11-17T17:11:35 IST" skipped="0">
  <testcase classname="com.mvn.proj.SimpleAnnotation" name="SearchMobile" time="0.003"/>
  <system-out/>
  <testcase classname="com.mvn.proj.SimpleAnnotation" name="SearchLaptop" time="0.009"/>
  <system-out/>
</testsuite> <!-- com.mvn.proj.SimpleAnnotation -->
