<?xml version="1.0" encoding="UTF-8"?>
<!-- Generated by org.testng.reporters.JUnitReportReporter -->
<testsuite hostname="DESKTOP-PUFBLF0" failures="0" tests="2" name="com.mvn.proj.IgnorePrg" time="0.026" errors="0" timestamp="2021-11-24T16:16:29 IST" skipped="0">
  <testcase classname="com.mvn.proj.IgnorePrg" name="Grocery" time="0.024"/>
  <system-out/>
  <testcase classname="com.mvn.proj.IgnorePrg" name="Laptop" time="0.002"/>
  <system-out/>
</testsuite> <!-- com.mvn.proj.IgnorePrg -->
